<?xml version="1.0" encoding="UTF-8"?>
<!-- Generated by org.testng.reporters.JUnitXMLReporter -->
<testsuite hostname="WIN-CK7DF2BFGTN" name="Test" tests="2" failures="1" timestamp="15 Jan 2019 08:41:48 GMT" time="183.29" errors="0">
  <testcase name="testOne_Fail" time="95.653" classname="com.zdz.ant.test.HelloWorldWebdriverTestNG_fail">
    <failure type="java.lang.AssertionError" message="expected [Selenium · 社区 · TesterHome_Fail] but found [Selenium · 社区 · TesterHome]">
      <![CDATA[java.lang.AssertionError: expected [Selenium · 社区 · TesterHome_Fail] but found [Selenium · 社区 · TesterHome]
	at com.zdz.ant.test.HelloWorldWebdriverTestNG_fail.testOne_Fail(HelloWorldWebdriverTestNG_fail.java:33)
... Removed 28 stack frames]]>
    </failure>
  </testcase> <!-- testOne_Fail -->
  <testcase name="testOne" time="82.326" classname="com.zdz.ant.test.HelloWorldWebdriverTestNG"/>
</testsuite> <!-- Test -->
