<?xml version="1.0" encoding="UTF-8"?>
<testng-results skipped="0" failed="1" total="2" passed="1">
  <reporter-output>
  </reporter-output>
  <suite name="Suite" duration-ms="159656" started-at="2019-01-16T13:04:39Z" finished-at="2019-01-16T13:07:18Z">
    <groups>
    </groups>
    <test name="Test" duration-ms="159656" started-at="2019-01-16T13:04:39Z" finished-at="2019-01-16T13:07:18Z">
      <class name="com.zdz.ant.test.HelloWorldWebdriverTestNG_fail">
        <test-method status="FAIL" signature="testOne_Fail()[pri:0, instance:com.zdz.ant.test.HelloWorldWebdriverTestNG_fail@1c8e616]" name="testOne_Fail" duration-ms="124641" started-at="2019-01-16T21:04:39Z" finished-at="2019-01-16T21:06:43Z">
          <exception class="java.lang.AssertionError">
            <message>
              <![CDATA[expected [Selenium ・ 社区 ・ TesterHome_Fail] but found [Selenium ・ 社区 ・ TesterHome]]]>
            </message>
            <full-stacktrace>
              <![CDATA[java.lang.AssertionError: expected [Selenium ・ 社区 ・ TesterHome_Fail] but found [Selenium ・ 社区 ・ TesterHome]
	at org.testng.Assert.fail(Assert.java:94)
	at org.testng.Assert.failNotEquals(Assert.java:494)
	at org.testng.Assert.assertEquals(Assert.java:123)
	at org.testng.Assert.assertEquals(Assert.java:176)
	at org.testng.Assert.assertEquals(Assert.java:186)
	at com.zdz.ant.test.HelloWorldWebdriverTestNG_fail.testOne_Fail(HelloWorldWebdriverTestNG_fail.java:33)
	at sun.reflect.NativeMethodAccessorImpl.invoke0(Native Method)
	at sun.reflect.NativeMethodAccessorImpl.invoke(Unknown Source)
	at sun.reflect.DelegatingMethodAccessorImpl.invoke(Unknown Source)
	at java.lang.reflect.Method.invoke(Unknown Source)
	at org.testng.internal.MethodInvocationHelper.invokeMethod(MethodInvocationHelper.java:84)
	at org.testng.internal.Invoker.invokeMethod(Invoker.java:714)
	at org.testng.internal.Invoker.invokeTestMethod(Invoker.java:901)
	at org.testng.internal.Invoker.invokeTestMethods(Invoker.java:1231)
	at org.testng.internal.TestMethodWorker.invokeTestMethods(TestMethodWorker.java:127)
	at org.testng.internal.TestMethodWorker.run(TestMethodWorker.java:111)
	at org.testng.TestRunner.privateRun(TestRunner.java:767)
	at org.testng.TestRunner.run(TestRunner.java:617)
	at org.testng.SuiteRunner.runTest(SuiteRunner.java:334)
	at org.testng.SuiteRunner.runSequentially(SuiteRunner.java:329)
	at org.testng.SuiteRunner.privateRun(SuiteRunner.java:291)
	at org.testng.SuiteRunner.run(SuiteRunner.java:240)
	at org.testng.SuiteRunnerWorker.runSuite(SuiteRunnerWorker.java:52)
	at org.testng.SuiteRunnerWorker.run(SuiteRunnerWorker.java:86)
	at org.testng.TestNG.runSuitesSequentially(TestNG.java:1224)
	at org.testng.TestNG.runSuitesLocally(TestNG.java:1149)
	at org.testng.TestNG.run(TestNG.java:1057)
	at org.testng.TestNG.privateMain(TestNG.java:1364)
	at org.testng.TestNG.main(TestNG.java:1333)
]]>
            </full-stacktrace>
          </exception> <!-- java.lang.AssertionError -->
          <reporter-output>
          </reporter-output>
        </test-method> <!-- testOne_Fail -->
        <test-method status="PASS" signature="tearDown()[pri:0, instance:com.zdz.ant.test.HelloWorldWebdriverTestNG_fail@1c8e616]" name="tearDown" is-config="true" duration-ms="4457" started-at="2019-01-16T21:06:43Z" finished-at="2019-01-16T21:06:48Z">
          <reporter-output>
          </reporter-output>
        </test-method> <!-- tearDown -->
      </class> <!-- com.zdz.ant.test.HelloWorldWebdriverTestNG_fail -->
      <class name="com.zdz.ant.test.HelloWorldWebdriverTestNG">
        <test-method status="PASS" signature="testOne()[pri:0, instance:com.zdz.ant.test.HelloWorldWebdriverTestNG@16216b3]" name="testOne" duration-ms="29394" started-at="2019-01-16T21:06:48Z" finished-at="2019-01-16T21:07:17Z">
          <reporter-output>
          </reporter-output>
        </test-method> <!-- testOne -->
        <test-method status="PASS" signature="tearDown()[pri:0, instance:com.zdz.ant.test.HelloWorldWebdriverTestNG@16216b3]" name="tearDown" is-config="true" duration-ms="1143" started-at="2019-01-16T21:07:17Z" finished-at="2019-01-16T21:07:18Z">
          <reporter-output>
          </reporter-output>
        </test-method> <!-- tearDown -->
      </class> <!-- com.zdz.ant.test.HelloWorldWebdriverTestNG -->
    </test> <!-- Test -->
  </suite> <!-- Suite -->
</testng-results>
