<?xml version="1.0" encoding="UTF-8"?>
<!-- Generated by org.testng.reporters.JUnitXMLReporter -->
<testsuite hostname="WIN-CK7DF2BFGTN" name="Test" tests="2" failures="1" timestamp="14 Jan 2019 08:32:01 GMT" time="203.942" errors="0">
  <testcase name="testOne_Fail" time="115.256" classname="com.zdz.ant.test.HelloWorldWebdriverTestNG_fail">
    <failure type="java.lang.AssertionError" message="expected [Selenium · 社区 · TesterHome_Fail] but found [Selenium · 社区 · TesterHome]">
      <![CDATA[java.lang.AssertionError: expected [Selenium · 社区 · TesterHome_Fail] but found [Selenium · 社区 · TesterHome]
	at com.zdz.ant.test.HelloWorldWebdriverTestNG_fail.testOne_Fail(HelloWorldWebdriverTestNG_fail.java:33)
... Removed 28 stack frames]]>
    </failure>
  </testcase> <!-- testOne_Fail -->
  <testcase name="testOne" time="83.038" classname="com.zdz.ant.test.HelloWorldWebdriverTestNG"/>
</testsuite> <!-- Test -->
